
Showing logs for build [32mhoaitang-go-demo-6-master-1[0m stage [32mfrom-build-pack[0m and container [32mstep-credential-initializer-g4vrb[0m
{"level":"warn","ts":1571986398.785749,"logger":"fallback-logger","caller":"logging/config.go:69","msg":"Fetch GitHub commit ID from kodata failed: \"ref: refs/heads/master\" is not a valid GitHub commit ID"}
{"level":"info","ts":1571986398.7861085,"logger":"fallback-logger","caller":"creds-init/main.go:40","msg":"Credentials initialized."}

Showing logs for build [32mhoaitang-go-demo-6-master-1[0m stage [32mfrom-build-pack[0m and container [32mstep-working-dir-initializer-7rjzf[0m
{"level":"warn","ts":1571986399.0907285,"logger":"fallback-logger","caller":"logging/config.go:69","msg":"Fetch GitHub commit ID from kodata failed: open /var/run/ko/HEAD: no such file or directory"}
{"level":"info","ts":1571986399.0941203,"logger":"fallback-logger","caller":"bash/main.go:65","msg":"Successfully executed command \"mkdir -p /workspace/source\""}

Showing logs for build [32mhoaitang-go-demo-6-master-1[0m stage [32mfrom-build-pack[0m and container [32mstep-place-tools[0m

Showing logs for build [32mhoaitang-go-demo-6-master-1[0m stage [32mfrom-build-pack[0m and container [32mstep-git-source-hoaitang-go-demo-6-master-wd4bk[0m
{"level":"warn","ts":1571986428.1444907,"logger":"fallback-logger","caller":"logging/config.go:69","msg":"Fetch GitHub commit ID from kodata failed: \"ref: refs/heads/master\" is not a valid GitHub commit ID"}
{"level":"info","ts":1571986428.64125,"logger":"fallback-logger","caller":"git/git.go:102","msg":"Successfully cloned https://github.com/********/go-demo-6.git @ v2.0.2 in path /workspace/source"}

Showing logs for build [32mhoaitang-go-demo-6-master-1[0m stage [32mfrom-build-pack[0m and container [32mstep-git-merge[0m
Using SHAs from PULL_REFS=master:ab103077dc7884d3d869e9af3f9c39c3f5cc33d2
WARNING: no SHAs to merge, falling back to initial cloned commit

Showing logs for build [32mhoaitang-go-demo-6-master-1[0m stage [32mfrom-build-pack[0m and container [32mstep-setup-jx-git-credentials[0m
Generated Git credentials file /workspace/xdg_config/git/credentials

Showing logs for build [32mhoaitang-go-demo-6-master-1[0m stage [32mfrom-build-pack[0m and container [32mstep-build-make-build[0m
go: finding github.com/stretchr/testify v1.2.2
go: finding github.com/golang/protobuf v1.2.0
go: finding github.com/prometheus/common v0.0.0-20181126121408-4724e9255275
go: finding github.com/prometheus/client_model v0.0.0-20180712105110-5c3871d89910
go: finding github.com/davecgh/go-spew v1.1.1
go: finding github.com/pmezard/go-difflib v1.0.0
go: finding github.com/beorn7/perks v0.0.0-20180321164747-3a771d992973
go: finding github.com/stretchr/objx v0.1.1
go: finding github.com/prometheus/procfs v0.0.0-20181204211112-1dc9a6cbc91a
go: finding github.com/prometheus/client_golang v0.9.2
go: finding github.com/matttproud/golang_protobuf_extensions v1.0.1
go: finding gopkg.in/mgo.v2 v2.0.0-20180705113604-9856a29383ce
go: finding golang.org/x/net v0.0.0-20181201002055-351d144fa1fc
go: finding golang.org/x/sync v0.0.0-20181108010431-42b317875d0f
go: downloading gopkg.in/mgo.v2 v2.0.0-20180705113604-9856a29383ce
go: downloading github.com/prometheus/client_golang v0.9.2
go: extracting github.com/prometheus/client_golang v0.9.2
go: downloading github.com/prometheus/common v0.0.0-20181126121408-4724e9255275
go: downloading github.com/golang/protobuf v1.2.0
go: downloading github.com/beorn7/perks v0.0.0-20180321164747-3a771d992973
go: downloading github.com/prometheus/client_model v0.0.0-20180712105110-5c3871d89910
go: downloading github.com/prometheus/procfs v0.0.0-20181204211112-1dc9a6cbc91a
go: extracting github.com/beorn7/perks v0.0.0-20180321164747-3a771d992973
go: extracting github.com/prometheus/common v0.0.0-20181126121408-4724e9255275
go: extracting gopkg.in/mgo.v2 v2.0.0-20180705113604-9856a29383ce
go: downloading github.com/matttproud/golang_protobuf_extensions v1.0.1
go: extracting github.com/prometheus/client_model v0.0.0-20180712105110-5c3871d89910
go: extracting github.com/prometheus/procfs v0.0.0-20181204211112-1dc9a6cbc91a
go: extracting github.com/matttproud/golang_protobuf_extensions v1.0.1
go: extracting github.com/golang/protobuf v1.2.0
CGO_ENABLED=0 GO15VENDOREXPERIMENT=1 go build -ldflags '' -o bin/go-demo-6 main.go

Showing logs for build [32mhoaitang-go-demo-6-master-1[0m stage [32mfrom-build-pack[0m and container [32mstep-build-container-build[0m
[36mINFO[0m[0000] No base image, nothing to extract            
[36mINFO[0m[0000] cmd: EXPOSE                                  
[36mINFO[0m[0000] Adding exposed port: 8080/tcp                
[36mINFO[0m[0000] Using files from context: [/workspace/source/bin] 
[36mINFO[0m[0000] Skipping unpacking as no commands require it. 
[36mINFO[0m[0000] Taking snapshot of full filesystem...        
[36mINFO[0m[0000] EXPOSE 8080                                  
[36mINFO[0m[0000] cmd: EXPOSE                                  
[36mINFO[0m[0000] Adding exposed port: 8080/tcp                
[36mINFO[0m[0000] No files changed in this command, skipping snapshotting. 
[36mINFO[0m[0000] ENTRYPOINT ["/go-demo-6"]                    
[36mINFO[0m[0000] No files changed in this command, skipping snapshotting. 
[36mINFO[0m[0000] Using files from context: [/workspace/source/bin] 
[36mINFO[0m[0000] COPY ./bin/ /                                
[36mINFO[0m[0000] Taking snapshot of files...                  
error pushing image: failed to push to destination 874511187178.dkr.ecr.us-west-2.amazonaws.com/vfarcic/go-demo-6:2.0.2: NAME_UNKNOWN: The repository with name 'vfarcic/go-demo-6' does not exist in the registry with id '874511187178'
[31m
Pipeline failed on stage 'from-build-pack' : container 'step-build-container-build'. The execution of the pipeline has stopped.[0m
