
Showing logs for build [32mhoaitang-go-demo-6-master-relea-v7jtr-6[0m stage [32mfrom-build-pack[0m and container [32mstep-credential-initializer-w2rf8[0m
{"level":"warn","ts":1572420383.2572198,"logger":"fallback-logger","caller":"logging/config.go:69","msg":"Fetch GitHub commit ID from kodata failed: \"ref: refs/heads/master\" is not a valid GitHub commit ID"}
{"level":"info","ts":1572420383.257702,"logger":"fallback-logger","caller":"creds-init/main.go:40","msg":"Credentials initialized."}

Showing logs for build [32mhoaitang-go-demo-6-master-relea-v7jtr-6[0m stage [32mfrom-build-pack[0m and container [32mstep-working-dir-initializer-jxfsn[0m
{"level":"warn","ts":1572420384.3814135,"logger":"fallback-logger","caller":"logging/config.go:69","msg":"Fetch GitHub commit ID from kodata failed: open /var/run/ko/HEAD: no such file or directory"}
{"level":"info","ts":1572420384.3831968,"logger":"fallback-logger","caller":"bash/main.go:65","msg":"Successfully executed command \"mkdir -p /workspace/source\""}

Showing logs for build [32mhoaitang-go-demo-6-master-relea-v7jtr-6[0m stage [32mfrom-build-pack[0m and container [32mstep-place-tools[0m

Showing logs for build [32mhoaitang-go-demo-6-master-relea-v7jtr-6[0m stage [32mfrom-build-pack[0m and container [32mstep-git-source-hoaitang-go-demo-6-master-relea-n445h[0m
{"level":"warn","ts":1572420393.353553,"logger":"fallback-logger","caller":"logging/config.go:69","msg":"Fetch GitHub commit ID from kodata failed: \"ref: refs/heads/master\" is not a valid GitHub commit ID"}
{"level":"info","ts":1572420393.8605733,"logger":"fallback-logger","caller":"git/git.go:102","msg":"Successfully cloned https://github.com/********/go-demo-6.git @ v2.0.7 in path /workspace/source"}

Showing logs for build [32mhoaitang-go-demo-6-master-relea-v7jtr-6[0m stage [32mfrom-build-pack[0m and container [32mstep-git-merge[0m
Using SHAs from PULL_REFS=master:86eace7b189d6627b123144cc4400302b8c39624
WARNING: no SHAs to merge, falling back to initial cloned commit

Showing logs for build [32mhoaitang-go-demo-6-master-relea-v7jtr-6[0m stage [32mfrom-build-pack[0m and container [32mstep-setup-jx-git-credentials[0m
Generated Git credentials file /workspace/xdg_config/git/credentials

Showing logs for build [32mhoaitang-go-demo-6-master-relea-v7jtr-6[0m stage [32mfrom-build-pack[0m and container [32mstep-build1[0m
go: finding github.com/matttproud/golang_protobuf_extensions v1.0.1
go: finding github.com/stretchr/objx v0.1.1
go: finding github.com/davecgh/go-spew v1.1.1
go: finding github.com/pmezard/go-difflib v1.0.0
go: finding github.com/prometheus/procfs v0.0.0-20181204211112-1dc9a6cbc91a
go: finding github.com/prometheus/common v0.0.0-20181126121408-4724e9255275
go: finding github.com/prometheus/client_golang v0.9.2
go: finding github.com/stretchr/testify v1.2.2
go: finding github.com/prometheus/client_model v0.0.0-20180712105110-5c3871d89910
go: finding github.com/beorn7/perks v0.0.0-20180321164747-3a771d992973
go: finding github.com/golang/protobuf v1.2.0
go: finding gopkg.in/mgo.v2 v2.0.0-20180705113604-9856a29383ce
go: finding golang.org/x/sync v0.0.0-20181108010431-42b317875d0f
go: finding golang.org/x/net v0.0.0-20181201002055-351d144fa1fc
go: downloading github.com/prometheus/client_golang v0.9.2
go: downloading gopkg.in/mgo.v2 v2.0.0-20180705113604-9856a29383ce
go: extracting github.com/prometheus/client_golang v0.9.2
go: downloading github.com/prometheus/procfs v0.0.0-20181204211112-1dc9a6cbc91a
go: downloading github.com/beorn7/perks v0.0.0-20180321164747-3a771d992973
go: downloading github.com/golang/protobuf v1.2.0
go: downloading github.com/prometheus/client_model v0.0.0-20180712105110-5c3871d89910
go: downloading github.com/prometheus/common v0.0.0-20181126121408-4724e9255275
go: extracting github.com/beorn7/perks v0.0.0-20180321164747-3a771d992973
go: extracting github.com/prometheus/client_model v0.0.0-20180712105110-5c3871d89910
go: extracting gopkg.in/mgo.v2 v2.0.0-20180705113604-9856a29383ce
go: extracting github.com/prometheus/procfs v0.0.0-20181204211112-1dc9a6cbc91a
go: extracting github.com/prometheus/common v0.0.0-20181126121408-4724e9255275
go: downloading github.com/matttproud/golang_protobuf_extensions v1.0.1
go: extracting github.com/matttproud/golang_protobuf_extensions v1.0.1
go: extracting github.com/golang/protobuf v1.2.0

Showing logs for build [32mhoaitang-go-demo-6-master-relea-v7jtr-6[0m stage [32mfrom-build-pack[0m and container [32mstep-build2[0m

Showing logs for build [32mhoaitang-go-demo-6-master-relea-v7jtr-6[0m stage [32mfrom-build-pack[0m and container [32mstep-build3[0m

Showing logs for build [32mhoaitang-go-demo-6-master-relea-v7jtr-6[0m stage [32mfrom-build-pack[0m and container [32mstep-build-container-build[0m
[36mINFO[0m[0000] No base image, nothing to extract            
[36mINFO[0m[0000] cmd: EXPOSE                                  
[36mINFO[0m[0000] Adding exposed port: 8080/tcp                
[36mINFO[0m[0000] Using files from context: [/workspace/source/bin/go-demo-6_linux] 
[36mINFO[0m[0000] Skipping unpacking as no commands require it. 
[36mINFO[0m[0000] Taking snapshot of full filesystem...        
[36mINFO[0m[0000] EXPOSE 8080                                  
[36mINFO[0m[0000] cmd: EXPOSE                                  
[36mINFO[0m[0000] Adding exposed port: 8080/tcp                
[36mINFO[0m[0000] No files changed in this command, skipping snapshotting. 
[36mINFO[0m[0000] ENTRYPOINT ["/go-demo-6"]                    
[36mINFO[0m[0000] No files changed in this command, skipping snapshotting. 
[36mINFO[0m[0000] Using files from context: [/workspace/source/bin/go-demo-6_linux] 
[36mINFO[0m[0000] COPY ./bin/go-demo-6_linux /go-demo-6        
[36mINFO[0m[0000] Taking snapshot of files...                  
2019/10/30 07:27:21 pushed blob: sha256:f6ecfd755eeb0fdff30027fe221a2e03c39ef0ae5a9c955fda1293ba0f9aa2c5
2019/10/30 07:27:22 pushed blob: sha256:a890ad82623833bcb7435657d4b2876e11956c0b43f42366e5bbca29577e4ffa
2019/10/30 07:27:22 874511187178.dkr.ecr.us-west-2.amazonaws.com/********/go-demo-6:2.0.7: digest: sha256:690727cac8c5d354d2d88833b55f4d2ebedd418a0622ea827b2c604df9b453b7 size: 428

Showing logs for build [32mhoaitang-go-demo-6-master-relea-v7jtr-6[0m stage [32mfrom-build-pack[0m and container [32mstep-build-post-build[0m
no CVE provider running in the current ** namespace so skip adding image to be analysed

Showing logs for build [32mhoaitang-go-demo-6-master-relea-v7jtr-6[0m stage [32mfrom-build-pack[0m and container [32mstep-promote-changelog[0m
Converted /workspace/source/charts/go-demo-6 to an unshallow repository
Generating change log from git ref 683da45d3d878e26bef0c14cc03312**81805287 => 60a4d1287e5e7aaaadb3c6ff21f82ef1e96edc9a
Associating user x-0 in users.jenkins.io with email hoai.tang@verint.com to git GitProvider user with login -0 as emails match
Adding label jenkins.io/git-github-userid=-0 to user x-0 in users.jenkins.io
WARNING: Failed to enrich commit 86eace7b189d6627b123144cc4400302b8c39624 with issues: User.jenkins.io "x-0" is invalid: metadata.labels: Invalid value: "-0": a valid label must be an empty string or consist of alphanumeric characters, '-', '_' or '.', and must start and end with an alphanumeric character (e.g. 'MyValue',  or 'my_value',  or '12345', regex used for validation is '(([A-Za-z0-9][-A-Za-z0-9_.]*)?[A-Za-z0-9])?')
Associating user x-0 in users.jenkins.io with email hoai.tang@verint.com to git GitProvider user with login -0 as emails match
Adding label jenkins.io/git-github-userid=-0 to user x-0 in users.jenkins.io
WARNING: Failed to enrich commit 86eace7b189d6627b123144cc4400302b8c39624 with issues: User.jenkins.io "x-0" is invalid: metadata.labels: Invalid value: "-0": a valid label must be an empty string or consist of alphanumeric characters, '-', '_' or '.', and must start and end with an alphanumeric character (e.g. 'MyValue',  or 'my_value',  or '12345', regex used for validation is '(([A-Za-z0-9][-A-Za-z0-9_.]*)?[A-Za-z0-9])?')
Finding issues in commit messages using git format
WARNING: No release found for ********/go-demo-6 and tag v2.0.7 so creating a new release
Updated the release information at https://github.com/********/go-demo-6/releases/tag/v2.0.7
generated: /workspace/source/charts/go-demo-6/templates/release.yaml
Created Release go-demo-6-2-0-7 resource in namespace **
Updating PipelineActivity ********-go-demo-6-master-6 with version 2.0.7
Updated PipelineActivities ********-go-demo-6-master-6 with release notes URL: https://github.com/********/go-demo-6/releases/tag/v2.0.7

Showing logs for build [32mhoaitang-go-demo-6-master-relea-v7jtr-6[0m stage [32mfrom-build-pack[0m and container [32mstep-promote-helm-release[0m
WARNING: No $CHART_REPOSITORY defined so using the default value of: http://jenkins-x-chartmuseum:8080
Adding missing Helm repo: storage.googleapis.com https://storage.googleapis.com/chartmuseum.jenkins-x.io
Successfully added Helm repository storage.googleapis.com.
Adding missing Helm repo: jenkins-x-chartmuseum http://jenkins-x-chartmuseum:8080
Successfully added Helm repository jenkins-x-chartmuseum.
WARNING: No $CHART_REPOSITORY defined so using the default value of: http://jenkins-x-chartmuseum:8080
WARNING: No $CHART_REPOSITORY defined so using the default value of: http://jenkins-x-chartmuseum:8080
Uploading chart file go-demo-6-2.0.7.tgz to http://jenkins-x-chartmuseum:8080/api/charts
Received 201 response: {"saved":true}

Showing logs for build [32mhoaitang-go-demo-6-master-relea-v7jtr-6[0m stage [32mfrom-build-pack[0m and container [32mstep-promote-jx-promote[0m
WARNING: prow based install so skip waiting for the merge of Pull Requests to go green as currently there is an issue with gettingstatuses from the PR, see https://github.com/jenkins-x/jx/issues/2410
Promoting app go-demo-6 version 2.0.7 to namespace **-staging
Created Pull Request: https://github.com/********/environment-tekton-staging/pull/4
error: Pull request https://github.com/********/environment-tekton-staging/pull/4 last commit has status failure for ref ed866b85133e1609d9f6c44546a116e4fa0e7c51
[31m
Pipeline failed on stage 'from-build-pack' : container 'step-promote-jx-promote'. The execution of the pipeline has stopped.[0m
